15:01:50.307 [DEBUG] [org.gradle.launcher.daemon.bootstrap.DaemonMain] Assuming the daemon was started with following jvm opts: [-XX:+HeapDumpOnOutOfMemoryError, -Xmx1024m, -Dfile.encoding=UTF-8, -Duser.country=IN, -Duser.language=en, -Duser.variant]
15:01:50.362 [INFO] [org.gradle.launcher.daemon.server.health.gc.GarbageCollectionMonitor] Unable to determine a garbage collection monitoring strategy for JVMStrategy{Oracle Corporation version 1.8.0_191}
15:01:50.405 [INFO] [org.gradle.launcher.daemon.server.Daemon] start() called on daemon - DefaultDaemonContext[uid=1b339ac5-9115-4de2-bf75-4fccad41b0b0,javaHome=/usr/lib/jvm/java-1.8.0-openjdk-1.8.0.191.b12-11.fc29.x86_64/jre,daemonRegistryDir=/home/axelor/eclipse-workspace/WebAppUsingGuice/daemon,pid=13402,idleTimeout=10800000,daemonOpts=-XX:+HeapDumpOnOutOfMemoryError,-Xmx1024m,-Dfile.encoding=UTF-8,-Duser.country=IN,-Duser.language=en,-Duser.variant]
15:01:50.421 [DEBUG] [org.gradle.internal.remote.internal.inet.InetAddresses] Adding IP addresses for network interface wlp0s26u1u4
15:01:50.422 [DEBUG] [org.gradle.internal.remote.internal.inet.InetAddresses] Is this a loopback interface? false
15:01:50.422 [DEBUG] [org.gradle.internal.remote.internal.inet.InetAddresses] Is this a multicast interface? true
15:01:50.422 [DEBUG] [org.gradle.internal.remote.internal.inet.InetAddresses] Adding remote address /fe80:0:0:0:7609:917:20c4:cfc1%wlp0s26u1u4
15:01:50.423 [DEBUG] [org.gradle.internal.remote.internal.inet.InetAddresses] Adding remote address /192.168.1.97
15:01:50.423 [DEBUG] [org.gradle.internal.remote.internal.inet.InetAddresses] Adding remote multicast interface wlp0s26u1u4
15:01:50.424 [DEBUG] [org.gradle.internal.remote.internal.inet.InetAddresses] Adding IP addresses for network interface lo
15:01:50.424 [DEBUG] [org.gradle.internal.remote.internal.inet.InetAddresses] Is this a loopback interface? true
15:01:50.424 [DEBUG] [org.gradle.internal.remote.internal.inet.InetAddresses] Is this a multicast interface? false
15:01:50.425 [DEBUG] [org.gradle.internal.remote.internal.inet.InetAddresses] Adding loopback address /0:0:0:0:0:0:0:1%lo
15:01:50.425 [DEBUG] [org.gradle.internal.remote.internal.inet.InetAddresses] Adding loopback address /127.0.0.1
15:01:50.427 [DEBUG] [org.gradle.internal.remote.internal.inet.TcpIncomingConnector] Listening on [b07a65f4-418c-43e3-b4ee-c8fd3dcc426f port:42923, addresses:[/0:0:0:0:0:0:0:1%lo, /127.0.0.1]].
15:01:50.431 [DEBUG] [org.gradle.launcher.daemon.server.Daemon] Daemon starting at: Tue Jan 29 15:01:50 IST 2019, with address: [b07a65f4-418c-43e3-b4ee-c8fd3dcc426f port:42923, addresses:[/0:0:0:0:0:0:0:1%lo, /127.0.0.1]]
15:01:50.432 [INFO] [org.gradle.launcher.daemon.server.DaemonRegistryUpdater] Advertising the daemon address to the clients: [b07a65f4-418c-43e3-b4ee-c8fd3dcc426f port:42923, addresses:[/0:0:0:0:0:0:0:1%lo, /127.0.0.1]]
15:01:50.432 [DEBUG] [org.gradle.launcher.daemon.server.DaemonRegistryUpdater] Advertised daemon context: DefaultDaemonContext[uid=1b339ac5-9115-4de2-bf75-4fccad41b0b0,javaHome=/usr/lib/jvm/java-1.8.0-openjdk-1.8.0.191.b12-11.fc29.x86_64/jre,daemonRegistryDir=/home/axelor/eclipse-workspace/WebAppUsingGuice/daemon,pid=13402,idleTimeout=10800000,daemonOpts=-XX:+HeapDumpOnOutOfMemoryError,-Xmx1024m,-Dfile.encoding=UTF-8,-Duser.country=IN,-Duser.language=en,-Duser.variant]
15:01:50.434 [DEBUG] [org.gradle.launcher.daemon.registry.PersistentDaemonRegistry] Storing daemon address: [b07a65f4-418c-43e3-b4ee-c8fd3dcc426f port:42923, addresses:[/0:0:0:0:0:0:0:1%lo, /127.0.0.1]], context: DefaultDaemonContext[uid=1b339ac5-9115-4de2-bf75-4fccad41b0b0,javaHome=/usr/lib/jvm/java-1.8.0-openjdk-1.8.0.191.b12-11.fc29.x86_64/jre,daemonRegistryDir=/home/axelor/eclipse-workspace/WebAppUsingGuice/daemon,pid=13402,idleTimeout=10800000,daemonOpts=-XX:+HeapDumpOnOutOfMemoryError,-Xmx1024m,-Dfile.encoding=UTF-8,-Duser.country=IN,-Duser.language=en,-Duser.variant]
15:01:50.441 [DEBUG] [org.gradle.cache.internal.DefaultFileLockManager] Waiting to acquire exclusive lock on daemon addresses registry.
15:01:50.443 [DEBUG] [org.gradle.cache.internal.DefaultFileLockManager] Lock acquired on daemon addresses registry.
15:01:50.448 [DEBUG] [org.gradle.cache.internal.DefaultFileLockManager] Releasing lock on daemon addresses registry.
15:01:50.448 [LIFECYCLE] [org.gradle.launcher.daemon.server.Daemon] Daemon server started.
15:01:50.455 [DEBUG] [org.gradle.launcher.daemon.bootstrap.DaemonStartupCommunication] Completed writing the daemon greeting. Closing streams...
15:01:50.457 [DEBUG] [org.gradle.internal.remote.internal.inet.TcpIncomingConnector] Accepted connection from /0:0:0:0:0:0:0:1:60664 to /0:0:0:0:0:0:0:1:42923.
15:01:50.459 [DEBUG] [org.gradle.launcher.daemon.server.Daemon] stopOnExpiration() called on daemon
15:01:50.460 [DEBUG] [org.gradle.launcher.daemon.server.Daemon] awaitExpiration() called on daemon
15:01:50.461 [DEBUG] [org.gradle.launcher.daemon.server.DaemonStateCoordinator] daemon is running. Sleeping until state changes.
15:01:50.524 [DEBUG] [org.gradle.launcher.daemon.server.SynchronizedDispatchConnection] thread 14: received class org.gradle.launcher.daemon.protocol.Build
15:01:50.524 [DEBUG] [org.gradle.launcher.daemon.server.DefaultDaemonConnection] thread 14: Received non-IO message from client: Build{id=f33f780c-3adf-48ba-bca7-8d58367db8d3.1, currentDir=/home/axelor}
15:01:50.525 [INFO] [org.gradle.launcher.daemon.server.DefaultIncomingConnectionHandler] Received command: Build{id=f33f780c-3adf-48ba-bca7-8d58367db8d3.1, currentDir=/home/axelor}.
15:01:50.525 [DEBUG] [org.gradle.launcher.daemon.server.DefaultIncomingConnectionHandler] Starting executing command: Build{id=f33f780c-3adf-48ba-bca7-8d58367db8d3.1, currentDir=/home/axelor} with connection: socket connection from /0:0:0:0:0:0:0:1:42923 to /0:0:0:0:0:0:0:1:60664.
15:01:50.531 [ERROR] [org.gradle.launcher.daemon.server.DaemonStateCoordinator] Command execution: started DaemonCommandExecution[command = Build{id=f33f780c-3adf-48ba-bca7-8d58367db8d3.1, currentDir=/home/axelor}, connection = DefaultDaemonConnection: socket connection from /0:0:0:0:0:0:0:1:42923 to /0:0:0:0:0:0:0:1:60664] after 0.0 minutes of idle
15:01:50.531 [INFO] [org.gradle.launcher.daemon.server.DaemonRegistryUpdater] Marking the daemon as busy, address: [b07a65f4-418c-43e3-b4ee-c8fd3dcc426f port:42923, addresses:[/0:0:0:0:0:0:0:1%lo, /127.0.0.1]]
15:01:50.532 [DEBUG] [org.gradle.launcher.daemon.registry.PersistentDaemonRegistry] Marking busy by address: [b07a65f4-418c-43e3-b4ee-c8fd3dcc426f port:42923, addresses:[/0:0:0:0:0:0:0:1%lo, /127.0.0.1]]
15:01:50.532 [DEBUG] [org.gradle.cache.internal.DefaultFileLockManager] Waiting to acquire exclusive lock on daemon addresses registry.
15:01:50.533 [DEBUG] [org.gradle.cache.internal.DefaultFileLockManager] Lock acquired on daemon addresses registry.
15:01:50.534 [DEBUG] [org.gradle.cache.internal.DefaultFileLockManager] Releasing lock on daemon addresses registry.
15:01:50.534 [DEBUG] [org.gradle.launcher.daemon.server.DaemonStateCoordinator] resetting idle timer
15:01:50.534 [DEBUG] [org.gradle.launcher.daemon.server.DaemonStateCoordinator] daemon is running. Sleeping until state changes.
15:01:50.537 [INFO] [org.gradle.launcher.daemon.server.exec.StartBuildOrRespondWithBusy] Daemon is about to start building Build{id=f33f780c-3adf-48ba-bca7-8d58367db8d3.1, currentDir=/home/axelor}. Dispatching build started information...
15:01:50.538 [DEBUG] [org.gradle.launcher.daemon.server.SynchronizedDispatchConnection] thread 16: dispatching class org.gradle.launcher.daemon.protocol.BuildStarted
15:01:50.542 [DEBUG] [org.gradle.launcher.daemon.server.exec.EstablishBuildEnvironment] Configuring env variables: {PATH=/home/axelor/bin:/home/axelor/.local/bin:/usr/share/Modules/bin:/usr/local/bin:/usr/local/sbin:/usr/bin:/usr/sbin, XAUTHORITY=/run/user/1000/gdm/Xauthority, HISTCONTROL=ignoredups, XMODIFIERS=@im=ibus, GDMSESSION=gnome-xorg, XDG_DATA_DIRS=/home/axelor/.local/share/flatpak/exports/share/:/var/lib/flatpak/exports/share/:/usr/local/share/:/usr/share/, MODULEPATH=/etc/scl/modulefiles:/usr/share/Modules/modulefiles:/etc/modulefiles:/usr/share/modulefiles, DBUS_SESSION_BUS_ADDRESS=unix:path=/run/user/1000/bus, XDG_CURRENT_DESKTOP=GNOME, MAIL=/var/spool/mail/axelor, SSH_AGENT_PID=1565, SESSION_MANAGER=local/unix:@/tmp/.ICE-unix/1544,unix/unix:/tmp/.ICE-unix/1544, USERNAME=axelor, LOGNAME=axelor, PWD=/home/axelor, GJS_DEBUG_TOPICS=JS ERROR;JS LOG, LESSOPEN=||/usr/bin/lesspipe.sh %s, SHELL=/bin/bash, BASH_ENV=/usr/share/Modules/init/bash, GIO_LAUNCHED_DESKTOP_FILE=/home/axelor/.local/share/applications/eclipse.desktop, BASH_FUNC_scl%%=() {  if [ "$1" = "load" -o "$1" = "unload" ]; then
 eval "module $@";
 else
 /usr/bin/scl "$@";
 fi
}, GDK_SCALE=1, MODULEPATH_modshare=/usr/share/modulefiles:1:/usr/share/Modules/modulefiles:1:/etc/modulefiles:1, XDG_SESSION_DESKTOP=gnome-xorg, SHLVL=2, OXYGEN_DISABLE_INNER_SHADOWS_HACK=1, LOADEDMODULES=, QT_IM_MODULE=ibus, HISTSIZE=1000, ENV=/usr/share/Modules/init/profile.sh, LANG=en_IN.UTF-8, XDG_SESSION_TYPE=x11, XDG_SESSION_ID=2, MODULES_RUN_QUARANTINE=LD_LIBRARY_PATH, BASH_FUNC_switchml%%=() {  typeset swfound=1;
 if [ "${MODULES_USE_COMPAT_VERSION:-0}" = '1' ]; then
 typeset swname='main';
 if [ -e /usr/share/Modules/libexec/modulecmd.tcl ]; then
 typeset swfound=0;
 unset MODULES_USE_COMPAT_VERSION;
 fi;
 else
 typeset swname='compatibility';
 if [ -e /usr/share/Modules/libexec/modulecmd-compat ]; then
 typeset swfound=0;
 MODULES_USE_COMPAT_VERSION=1;
 export MODULES_USE_COMPAT_VERSION;
 fi;
 fi;
 if [ $swfound -eq 0 ]; then
 echo "Switching to Modules $swname version";
 source /usr/share/Modules/init/bash;
 else
 echo "Cannot switch to Modules $swname version, command not found";
 return 1;
 fi
}, DISPLAY=:0, BASH_FUNC_module%%=() {  unset _mlshdbg;
 if [ "${MODULES_SILENT_SHELL_DEBUG:-0}" = '1' ]; then
 case "$-" in 
 *v*x*)
 set +vx;
 _mlshdbg='vx'
 ;;
 *v*)
 set +v;
 _mlshdbg='v'
 ;;
 *x*)
 set +x;
 _mlshdbg='x'
 ;;
 *)
 _mlshdbg=''
 ;;
 esac;
 fi;
 unset _mlre _mlIFS;
 if [ -n "${IFS+x}" ]; then
 _mlIFS=$IFS;
 fi;
 IFS=' ';
 for _mlv in ${MODULES_RUN_QUARANTINE:-};
 do
 if [ "${_mlv}" = "${_mlv##*[!A-Za-z0-9_]}" -a "${_mlv}" = "${_mlv#[0-9]}" ]; then
 if [ -n "`eval 'echo ${'$_mlv'+x}'`" ]; then
 _mlre="${_mlre:-}${_mlv}_modquar='`eval 'echo ${'$_mlv'}'`' ";
 fi;
 _mlrv="MODULES_RUNENV_${_mlv}";
 _mlre="${_mlre:-}${_mlv}='`eval 'echo ${'$_mlrv':-}'`' ";
 fi;
 done;
 if [ -n "${_mlre:-}" ]; then
 eval `eval ${_mlre}/usr/bin/tclsh /usr/share/Modules/libexec/modulecmd.tcl bash '"$@"'`;
 else
 eval `/usr/bin/tclsh /usr/share/Modules/libexec/modulecmd.tcl bash "$@"`;
 fi;
 _mlstatus=$?;
 if [ -n "${_mlIFS+x}" ]; then
 IFS=$_mlIFS;
 else
 unset IFS;
 fi;
 unset _mlre _mlv _mlrv _mlIFS;
 if [ -n "${_mlshdbg:-}" ]; then
 set -$_mlshdbg;
 fi;
 unset _mlshdbg;
 return $_mlstatus
}, _=/home/axelor/opt/eclipse/eclipse, GDM_LANG=en_IN.UTF-8, LIBOVERLAY_SCROLLBAR=0, GDK_CORE_DEVICE_EVENTS=1, DESKTOP_SESSION=gnome-xorg, USER=axelor, XDG_MENU_PREFIX=gnome-, GIO_LAUNCHED_DESKTOP_FILE_PID=5537, WINDOWPATH=2, GJS_DEBUG_OUTPUT=stderr, XDG_SEAT=seat0, SSH_AUTH_SOCK=/run/user/1000/keyring/ssh, GTK_OVERLAY_SCROLLING=0, HOSTNAME=localhost.localdomain, MODULESHOME=/usr/share/Modules, MODULES_CMD=/usr/share/Modules/libexec/modulecmd.tcl, XDG_RUNTIME_DIR=/run/user/1000, XDG_VTNR=2, HOME=/home/axelor}
15:01:50.553 [DEBUG] [org.gradle.launcher.daemon.server.exec.LogToClient] About to start relaying all logs to the client via the connection.
15:01:50.554 [INFO] [org.gradle.launcher.daemon.server.exec.LogToClient] The client will now receive all logging from the daemon (pid: 13402). The daemon log file: /home/axelor/eclipse-workspace/WebAppUsingGuice/daemon/4.3/daemon-13402.out.log
15:01:50.555 [INFO] [org.gradle.launcher.daemon.server.exec.LogAndCheckHealth] Starting build in new daemon [memory: 954.7 MB]
15:01:50.559 [DEBUG] [org.gradle.launcher.daemon.server.exec.ExecuteBuild] The daemon has started executing the build.
15:01:50.559 [DEBUG] [org.gradle.launcher.daemon.server.exec.ExecuteBuild] Executing build with daemon context: DefaultDaemonContext[uid=1b339ac5-9115-4de2-bf75-4fccad41b0b0,javaHome=/usr/lib/jvm/java-1.8.0-openjdk-1.8.0.191.b12-11.fc29.x86_64/jre,daemonRegistryDir=/home/axelor/eclipse-workspace/WebAppUsingGuice/daemon,pid=13402,idleTimeout=10800000,daemonOpts=-XX:+HeapDumpOnOutOfMemoryError,-Xmx1024m,-Dfile.encoding=UTF-8,-Duser.country=IN,-Duser.language=en,-Duser.variant]
:wrapper