15:14:44.472 [DEBUG] [org.gradle.launcher.daemon.bootstrap.DaemonMain] Assuming the daemon was started with following jvm opts: [-XX:+HeapDumpOnOutOfMemoryError, -Xmx1024m, -Dfile.encoding=UTF-8, -Duser.country=IN, -Duser.language=en, -Duser.variant]
15:14:44.532 [INFO] [org.gradle.launcher.daemon.server.health.gc.GarbageCollectionMonitor] Unable to determine a garbage collection monitoring strategy for JVMStrategy{Oracle Corporation version 1.8.0_191}
15:14:44.578 [INFO] [org.gradle.launcher.daemon.server.Daemon] start() called on daemon - DefaultDaemonContext[uid=d2197b1f-e5c4-485d-a9e3-ea5cc37e24bd,javaHome=/usr/lib/jvm/java-1.8.0-openjdk-1.8.0.191.b12-11.fc29.x86_64/jre,daemonRegistryDir=/home/axelor/eclipse-workspace/WebAppUsingGuice/daemon,pid=8167,idleTimeout=10800000,daemonOpts=-XX:+HeapDumpOnOutOfMemoryError,-Xmx1024m,-Dfile.encoding=UTF-8,-Duser.country=IN,-Duser.language=en,-Duser.variant]
15:14:44.608 [DEBUG] [org.gradle.internal.remote.internal.inet.InetAddresses] Adding IP addresses for network interface wlp0s26u1u4
15:14:44.608 [DEBUG] [org.gradle.internal.remote.internal.inet.InetAddresses] Is this a loopback interface? false
15:14:44.609 [DEBUG] [org.gradle.internal.remote.internal.inet.InetAddresses] Is this a multicast interface? true
15:14:44.609 [DEBUG] [org.gradle.internal.remote.internal.inet.InetAddresses] Adding remote address /fe80:0:0:0:7609:917:20c4:cfc1%wlp0s26u1u4
15:14:44.610 [DEBUG] [org.gradle.internal.remote.internal.inet.InetAddresses] Adding remote address /192.168.1.97
15:14:44.610 [DEBUG] [org.gradle.internal.remote.internal.inet.InetAddresses] Adding remote multicast interface wlp0s26u1u4
15:14:44.611 [DEBUG] [org.gradle.internal.remote.internal.inet.InetAddresses] Adding IP addresses for network interface lo
15:14:44.611 [DEBUG] [org.gradle.internal.remote.internal.inet.InetAddresses] Is this a loopback interface? true
15:14:44.611 [DEBUG] [org.gradle.internal.remote.internal.inet.InetAddresses] Is this a multicast interface? false
15:14:44.611 [DEBUG] [org.gradle.internal.remote.internal.inet.InetAddresses] Adding loopback address /0:0:0:0:0:0:0:1%lo
15:14:44.612 [DEBUG] [org.gradle.internal.remote.internal.inet.InetAddresses] Adding loopback address /127.0.0.1
15:14:44.614 [DEBUG] [org.gradle.internal.remote.internal.inet.TcpIncomingConnector] Listening on [fc84c68f-ec9c-4526-b81f-98874963254e port:42271, addresses:[/0:0:0:0:0:0:0:1%lo, /127.0.0.1]].
15:14:44.619 [DEBUG] [org.gradle.launcher.daemon.server.Daemon] Daemon starting at: Fri Feb 01 15:14:44 IST 2019, with address: [fc84c68f-ec9c-4526-b81f-98874963254e port:42271, addresses:[/0:0:0:0:0:0:0:1%lo, /127.0.0.1]]
15:14:44.620 [INFO] [org.gradle.launcher.daemon.server.DaemonRegistryUpdater] Advertising the daemon address to the clients: [fc84c68f-ec9c-4526-b81f-98874963254e port:42271, addresses:[/0:0:0:0:0:0:0:1%lo, /127.0.0.1]]
15:14:44.620 [DEBUG] [org.gradle.launcher.daemon.server.DaemonRegistryUpdater] Advertised daemon context: DefaultDaemonContext[uid=d2197b1f-e5c4-485d-a9e3-ea5cc37e24bd,javaHome=/usr/lib/jvm/java-1.8.0-openjdk-1.8.0.191.b12-11.fc29.x86_64/jre,daemonRegistryDir=/home/axelor/eclipse-workspace/WebAppUsingGuice/daemon,pid=8167,idleTimeout=10800000,daemonOpts=-XX:+HeapDumpOnOutOfMemoryError,-Xmx1024m,-Dfile.encoding=UTF-8,-Duser.country=IN,-Duser.language=en,-Duser.variant]
15:14:44.622 [DEBUG] [org.gradle.launcher.daemon.registry.PersistentDaemonRegistry] Storing daemon address: [fc84c68f-ec9c-4526-b81f-98874963254e port:42271, addresses:[/0:0:0:0:0:0:0:1%lo, /127.0.0.1]], context: DefaultDaemonContext[uid=d2197b1f-e5c4-485d-a9e3-ea5cc37e24bd,javaHome=/usr/lib/jvm/java-1.8.0-openjdk-1.8.0.191.b12-11.fc29.x86_64/jre,daemonRegistryDir=/home/axelor/eclipse-workspace/WebAppUsingGuice/daemon,pid=8167,idleTimeout=10800000,daemonOpts=-XX:+HeapDumpOnOutOfMemoryError,-Xmx1024m,-Dfile.encoding=UTF-8,-Duser.country=IN,-Duser.language=en,-Duser.variant]
15:14:44.629 [DEBUG] [org.gradle.cache.internal.DefaultFileLockManager] Waiting to acquire exclusive lock on daemon addresses registry.
15:14:44.632 [DEBUG] [org.gradle.cache.internal.DefaultFileLockManager] Lock acquired on daemon addresses registry.
15:14:44.638 [DEBUG] [org.gradle.cache.internal.DefaultFileLockManager] Releasing lock on daemon addresses registry.
15:14:44.638 [LIFECYCLE] [org.gradle.launcher.daemon.server.Daemon] Daemon server started.
15:14:44.639 [DEBUG] [org.gradle.launcher.daemon.bootstrap.DaemonStartupCommunication] Completed writing the daemon greeting. Closing streams...
15:14:44.643 [DEBUG] [org.gradle.launcher.daemon.server.Daemon] stopOnExpiration() called on daemon
15:14:44.644 [DEBUG] [org.gradle.internal.remote.internal.inet.TcpIncomingConnector] Accepted connection from /0:0:0:0:0:0:0:1:50638 to /0:0:0:0:0:0:0:1:42271.
15:14:44.645 [DEBUG] [org.gradle.launcher.daemon.server.Daemon] awaitExpiration() called on daemon
15:14:44.646 [DEBUG] [org.gradle.launcher.daemon.server.DaemonStateCoordinator] daemon is running. Sleeping until state changes.
15:14:44.734 [DEBUG] [org.gradle.launcher.daemon.server.SynchronizedDispatchConnection] thread 14: received class org.gradle.launcher.daemon.protocol.Build
15:14:44.735 [DEBUG] [org.gradle.launcher.daemon.server.DefaultDaemonConnection] thread 14: Received non-IO message from client: Build{id=f63f8532-4413-497b-a5d2-077ed4acf6c3.1, currentDir=/home/axelor}
15:14:44.735 [INFO] [org.gradle.launcher.daemon.server.DefaultIncomingConnectionHandler] Received command: Build{id=f63f8532-4413-497b-a5d2-077ed4acf6c3.1, currentDir=/home/axelor}.
15:14:44.735 [DEBUG] [org.gradle.launcher.daemon.server.DefaultIncomingConnectionHandler] Starting executing command: Build{id=f63f8532-4413-497b-a5d2-077ed4acf6c3.1, currentDir=/home/axelor} with connection: socket connection from /0:0:0:0:0:0:0:1:42271 to /0:0:0:0:0:0:0:1:50638.
15:14:44.738 [ERROR] [org.gradle.launcher.daemon.server.DaemonStateCoordinator] Command execution: started DaemonCommandExecution[command = Build{id=f63f8532-4413-497b-a5d2-077ed4acf6c3.1, currentDir=/home/axelor}, connection = DefaultDaemonConnection: socket connection from /0:0:0:0:0:0:0:1:42271 to /0:0:0:0:0:0:0:1:50638] after 0.0 minutes of idle
15:14:44.739 [INFO] [org.gradle.launcher.daemon.server.DaemonRegistryUpdater] Marking the daemon as busy, address: [fc84c68f-ec9c-4526-b81f-98874963254e port:42271, addresses:[/0:0:0:0:0:0:0:1%lo, /127.0.0.1]]
15:14:44.739 [DEBUG] [org.gradle.launcher.daemon.registry.PersistentDaemonRegistry] Marking busy by address: [fc84c68f-ec9c-4526-b81f-98874963254e port:42271, addresses:[/0:0:0:0:0:0:0:1%lo, /127.0.0.1]]
15:14:44.740 [DEBUG] [org.gradle.cache.internal.DefaultFileLockManager] Waiting to acquire exclusive lock on daemon addresses registry.
15:14:44.740 [DEBUG] [org.gradle.cache.internal.DefaultFileLockManager] Lock acquired on daemon addresses registry.
15:14:44.749 [DEBUG] [org.gradle.cache.internal.DefaultFileLockManager] Releasing lock on daemon addresses registry.
15:14:44.749 [DEBUG] [org.gradle.launcher.daemon.server.DaemonStateCoordinator] resetting idle timer
15:14:44.750 [DEBUG] [org.gradle.launcher.daemon.server.DaemonStateCoordinator] daemon is running. Sleeping until state changes.
15:14:44.751 [INFO] [org.gradle.launcher.daemon.server.exec.StartBuildOrRespondWithBusy] Daemon is about to start building Build{id=f63f8532-4413-497b-a5d2-077ed4acf6c3.1, currentDir=/home/axelor}. Dispatching build started information...
15:14:44.752 [DEBUG] [org.gradle.launcher.daemon.server.SynchronizedDispatchConnection] thread 16: dispatching class org.gradle.launcher.daemon.protocol.BuildStarted
15:14:44.760 [DEBUG] [org.gradle.launcher.daemon.server.exec.EstablishBuildEnvironment] Configuring env variables: {PATH=/home/axelor/bin:/home/axelor/.local/bin:/usr/share/Modules/bin:/usr/local/bin:/usr/local/sbin:/usr/bin:/usr/sbin, XAUTHORITY=/run/user/1000/gdm/Xauthority, HISTCONTROL=ignoredups, XMODIFIERS=@im=ibus, GDMSESSION=gnome-xorg, XDG_DATA_DIRS=/home/axelor/.local/share/flatpak/exports/share/:/var/lib/flatpak/exports/share/:/usr/local/share/:/usr/share/, MODULEPATH=/etc/scl/modulefiles:/usr/share/Modules/modulefiles:/etc/modulefiles:/usr/share/modulefiles, DBUS_SESSION_BUS_ADDRESS=unix:path=/run/user/1000/bus, XDG_CURRENT_DESKTOP=GNOME, MAIL=/var/spool/mail/axelor, SSH_AGENT_PID=1567, SESSION_MANAGER=local/unix:@/tmp/.ICE-unix/1540,unix/unix:/tmp/.ICE-unix/1540, USERNAME=axelor, LOGNAME=axelor, PWD=/home/axelor, GJS_DEBUG_TOPICS=JS ERROR;JS LOG, LESSOPEN=||/usr/bin/lesspipe.sh %s, SHELL=/bin/bash, BASH_ENV=/usr/share/Modules/init/bash, GIO_LAUNCHED_DESKTOP_FILE=/home/axelor/.local/share/applications/eclipse.desktop, BASH_FUNC_scl%%=() {  if [ "$1" = "load" -o "$1" = "unload" ]; then
 eval "module $@";
 else
 /usr/bin/scl "$@";
 fi
}, GDK_SCALE=1, MODULEPATH_modshare=/usr/share/modulefiles:1:/usr/share/Modules/modulefiles:1:/etc/modulefiles:1, XDG_SESSION_DESKTOP=gnome-xorg, SHLVL=2, OXYGEN_DISABLE_INNER_SHADOWS_HACK=1, LOADEDMODULES=, QT_IM_MODULE=ibus, HISTSIZE=1000, ENV=/usr/share/Modules/init/profile.sh, LANG=en_IN.UTF-8, XDG_SESSION_TYPE=x11, XDG_SESSION_ID=2, MODULES_RUN_QUARANTINE=LD_LIBRARY_PATH, BASH_FUNC_switchml%%=() {  typeset swfound=1;
 if [ "${MODULES_USE_COMPAT_VERSION:-0}" = '1' ]; then
 typeset swname='main';
 if [ -e /usr/share/Modules/libexec/modulecmd.tcl ]; then
 typeset swfound=0;
 unset MODULES_USE_COMPAT_VERSION;
 fi;
 else
 typeset swname='compatibility';
 if [ -e /usr/share/Modules/libexec/modulecmd-compat ]; then
 typeset swfound=0;
 MODULES_USE_COMPAT_VERSION=1;
 export MODULES_USE_COMPAT_VERSION;
 fi;
 fi;
 if [ $swfound -eq 0 ]; then
 echo "Switching to Modules $swname version";
 source /usr/share/Modules/init/bash;
 else
 echo "Cannot switch to Modules $swname version, command not found";
 return 1;
 fi
}, DISPLAY=:0, BASH_FUNC_module%%=() {  unset _mlshdbg;
 if [ "${MODULES_SILENT_SHELL_DEBUG:-0}" = '1' ]; then
 case "$-" in 
 *v*x*)
 set +vx;
 _mlshdbg='vx'
 ;;
 *v*)
 set +v;
 _mlshdbg='v'
 ;;
 *x*)
 set +x;
 _mlshdbg='x'
 ;;
 *)
 _mlshdbg=''
 ;;
 esac;
 fi;
 unset _mlre _mlIFS;
 if [ -n "${IFS+x}" ]; then
 _mlIFS=$IFS;
 fi;
 IFS=' ';
 for _mlv in ${MODULES_RUN_QUARANTINE:-};
 do
 if [ "${_mlv}" = "${_mlv##*[!A-Za-z0-9_]}" -a "${_mlv}" = "${_mlv#[0-9]}" ]; then
 if [ -n "`eval 'echo ${'$_mlv'+x}'`" ]; then
 _mlre="${_mlre:-}${_mlv}_modquar='`eval 'echo ${'$_mlv'}'`' ";
 fi;
 _mlrv="MODULES_RUNENV_${_mlv}";
 _mlre="${_mlre:-}${_mlv}='`eval 'echo ${'$_mlrv':-}'`' ";
 fi;
 done;
 if [ -n "${_mlre:-}" ]; then
 eval `eval ${_mlre}/usr/bin/tclsh /usr/share/Modules/libexec/modulecmd.tcl bash '"$@"'`;
 else
 eval `/usr/bin/tclsh /usr/share/Modules/libexec/modulecmd.tcl bash "$@"`;
 fi;
 _mlstatus=$?;
 if [ -n "${_mlIFS+x}" ]; then
 IFS=$_mlIFS;
 else
 unset IFS;
 fi;
 unset _mlre _mlv _mlrv _mlIFS;
 if [ -n "${_mlshdbg:-}" ]; then
 set -$_mlshdbg;
 fi;
 unset _mlshdbg;
 return $_mlstatus
}, _=/home/axelor/opt/eclipse/eclipse, GDM_LANG=en_IN.UTF-8, LIBOVERLAY_SCROLLBAR=0, GDK_CORE_DEVICE_EVENTS=1, DESKTOP_SESSION=gnome-xorg, USER=axelor, XDG_MENU_PREFIX=gnome-, GIO_LAUNCHED_DESKTOP_FILE_PID=3309, WINDOWPATH=2, GJS_DEBUG_OUTPUT=stderr, XDG_SEAT=seat0, SSH_AUTH_SOCK=/run/user/1000/keyring/ssh, GTK_OVERLAY_SCROLLING=0, HOSTNAME=localhost.localdomain, MODULESHOME=/usr/share/Modules, MODULES_CMD=/usr/share/Modules/libexec/modulecmd.tcl, XDG_RUNTIME_DIR=/run/user/1000, XDG_VTNR=2, HOME=/home/axelor}
15:14:44.776 [DEBUG] [org.gradle.launcher.daemon.server.exec.LogToClient] About to start relaying all logs to the client via the connection.
15:14:44.777 [INFO] [org.gradle.launcher.daemon.server.exec.LogToClient] The client will now receive all logging from the daemon (pid: 8167). The daemon log file: /home/axelor/eclipse-workspace/WebAppUsingGuice/daemon/4.3/daemon-8167.out.log
15:14:44.781 [INFO] [org.gradle.launcher.daemon.server.exec.LogAndCheckHealth] Starting build in new daemon [memory: 954.7 MB]
15:14:44.785 [DEBUG] [org.gradle.launcher.daemon.server.exec.ExecuteBuild] The daemon has started executing the build.
15:14:44.786 [DEBUG] [org.gradle.launcher.daemon.server.exec.ExecuteBuild] Executing build with daemon context: DefaultDaemonContext[uid=d2197b1f-e5c4-485d-a9e3-ea5cc37e24bd,javaHome=/usr/lib/jvm/java-1.8.0-openjdk-1.8.0.191.b12-11.fc29.x86_64/jre,daemonRegistryDir=/home/axelor/eclipse-workspace/WebAppUsingGuice/daemon,pid=8167,idleTimeout=10800000,daemonOpts=-XX:+HeapDumpOnOutOfMemoryError,-Xmx1024m,-Dfile.encoding=UTF-8,-Duser.country=IN,-Duser.language=en,-Duser.variant]

CONFIGURE SUCCESSFUL in 3s
15:14:47.730 [DEBUG] [org.gradle.launcher.daemon.server.exec.ExecuteBuild] The daemon has finished executing the build.
15:14:47.749 [DEBUG] [org.gradle.launcher.daemon.server.DaemonStateCoordinator] daemon is running. Sleeping until state changes.
15:14:47.749 [DEBUG] [org.gradle.launcher.daemon.server.DaemonStateCoordinator] Command execution: finished waiting for DaemonCommandExecution[command = Build{id=f63f8532-4413-497b-a5d2-077ed4acf6c3.1, currentDir=/home/axelor}, connection = DefaultDaemonConnection: socket connection from /0:0:0:0:0:0:0:1:42271 to /0:0:0:0:0:0:0:1:50638]. Result org.gradle.launcher.daemon.server.DaemonStateCoordinator@123860d9 with state Busy
15:14:47.750 [DEBUG] [org.gradle.launcher.daemon.server.DaemonStateCoordinator] Command execution: completed DaemonCommandExecution[command = Build{id=f63f8532-4413-497b-a5d2-077ed4acf6c3.1, currentDir=/home/axelor}, connection = DefaultDaemonConnection: socket connection from /0:0:0:0:0:0:0:1:42271 to /0:0:0:0:0:0:0:1:50638]
15:14:47.750 [DEBUG] [org.gradle.launcher.daemon.server.DaemonStateCoordinator] resetting idle timer
15:14:47.750 [INFO] [org.gradle.launcher.daemon.server.DaemonRegistryUpdater] Marking the daemon as idle, address: [fc84c68f-ec9c-4526-b81f-98874963254e port:42271, addresses:[/0:0:0:0:0:0:0:1%lo, /127.0.0.1]]
15:14:47.750 [DEBUG] [org.gradle.launcher.daemon.registry.PersistentDaemonRegistry] Marking busy by address: [fc84c68f-ec9c-4526-b81f-98874963254e port:42271, addresses:[/0:0:0:0:0:0:0:1%lo, /127.0.0.1]]
15:14:47.750 [DEBUG] [org.gradle.cache.internal.DefaultFileLockManager] Waiting to acquire exclusive lock on daemon addresses registry.
15:14:47.751 [DEBUG] [org.gradle.cache.internal.DefaultFileLockManager] Lock acquired on daemon addresses registry.
15:14:47.751 [DEBUG] [org.gradle.cache.internal.DefaultFileLockManager] Releasing lock on daemon addresses registry.
15:14:47.752 [DEBUG] [org.gradle.launcher.daemon.server.exec.ReturnResult] Daemon is dispatching the build result: Success[value=org.gradle.tooling.internal.provider.BuildActionResult@5d1c3220]
15:14:47.752 [DEBUG] [org.gradle.launcher.daemon.server.SynchronizedDispatchConnection] thread 13: dispatching class org.gradle.launcher.daemon.protocol.Success
15:14:47.754 [DEBUG] [org.gradle.launcher.daemon.server.DaemonStateCoordinator] daemon is running. Sleeping until state changes.
15:14:47.791 [DEBUG] [org.gradle.launcher.daemon.server.DefaultIncomingConnectionHandler] Finishing executing command: Build{id=f63f8532-4413-497b-a5d2-077ed4acf6c3.1, currentDir=/home/axelor}
15:14:47.791 [DEBUG] [org.gradle.launcher.daemon.server.SynchronizedDispatchConnection] thread 14: received class org.gradle.launcher.daemon.protocol.CloseInput
15:14:47.791 [DEBUG] [org.gradle.launcher.daemon.server.DefaultDaemonConnection] thread 14: Received IO message from client: org.gradle.launcher.daemon.protocol.CloseInput@5e3d3953
15:14:47.793 [DEBUG] [org.gradle.launcher.daemon.server.SynchronizedDispatchConnection] thread 14: received class org.gradle.launcher.daemon.protocol.Finished
15:14:47.793 [DEBUG] [org.gradle.launcher.daemon.server.DefaultDaemonConnection] thread 14: Received non-IO message from client: org.gradle.launcher.daemon.protocol.Finished@674aca15
15:14:47.794 [DEBUG] [org.gradle.launcher.daemon.server.DefaultIncomingConnectionHandler] Received finished message: org.gradle.launcher.daemon.protocol.Finished@674aca15
15:14:47.794 [DEBUG] [org.gradle.launcher.daemon.server.SynchronizedDispatchConnection] thread 13: stopping connection
15:14:47.794 [DEBUG] [org.gradle.internal.remote.internal.inet.SocketConnection] Discarding EOFException: java.io.EOFException
15:14:47.796 [DEBUG] [org.gradle.launcher.daemon.server.SynchronizedDispatchConnection] thread 14: received null
15:14:47.796 [DEBUG] [org.gradle.launcher.daemon.server.DefaultDaemonConnection] thread 14: Received end-of-input from client.
15:14:47.805 [DEBUG] [org.gradle.launcher.daemon.server.SynchronizedDispatchConnection] thread 13: stopping connection
15:14:54.645 [DEBUG] [org.gradle.launcher.daemon.server.Daemon] DaemonExpirationPeriodicCheck running
15:14:54.646 [DEBUG] [org.gradle.cache.internal.DefaultFileLockManager] Waiting to acquire shared lock on daemon addresses registry.
15:14:54.646 [DEBUG] [org.gradle.cache.internal.DefaultFileLockManager] Lock acquired on daemon addresses registry.
15:14:54.646 [DEBUG] [org.gradle.cache.internal.DefaultFileLockManager] Releasing lock on daemon addresses registry.
15:14:54.647 [DEBUG] [org.gradle.cache.internal.DefaultFileLockManager] Waiting to acquire shared lock on daemon addresses registry.
15:14:54.647 [DEBUG] [org.gradle.cache.internal.DefaultFileLockManager] Lock acquired on daemon addresses registry.
15:14:54.647 [DEBUG] [org.gradle.cache.internal.DefaultFileLockManager] Releasing lock on daemon addresses registry.
15:15:04.645 [DEBUG] [org.gradle.launcher.daemon.server.Daemon] DaemonExpirationPeriodicCheck running
15:15:04.645 [DEBUG] [org.gradle.cache.internal.DefaultFileLockManager] Waiting to acquire shared lock on daemon addresses registry.
15:15:04.645 [DEBUG] [org.gradle.cache.internal.DefaultFileLockManager] Lock acquired on daemon addresses registry.
15:15:04.646 [DEBUG] [org.gradle.cache.internal.DefaultFileLockManager] Releasing lock on daemon addresses registry.
15:15:04.646 [DEBUG] [org.gradle.cache.internal.DefaultFileLockManager] Waiting to acquire shared lock on daemon addresses registry.
15:15:04.647 [DEBUG] [org.gradle.cache.internal.DefaultFileLockManager] Lock acquired on daemon addresses registry.
15:15:04.647 [DEBUG] [org.gradle.cache.internal.DefaultFileLockManager] Releasing lock on daemon addresses registry.
15:15:04.648 [DEBUG] [org.gradle.cache.internal.DefaultFileLockManager] Waiting to acquire shared lock on daemon addresses registry.
15:15:04.648 [DEBUG] [org.gradle.cache.internal.DefaultFileLockManager] Lock acquired on daemon addresses registry.
15:15:04.648 [DEBUG] [org.gradle.cache.internal.DefaultFileLockManager] Releasing lock on daemon addresses registry.
15:15:04.649 [DEBUG] [org.gradle.cache.internal.DefaultFileLockManager] Waiting to acquire shared lock on daemon addresses registry.
15:15:04.649 [DEBUG] [org.gradle.cache.internal.DefaultFileLockManager] Lock acquired on daemon addresses registry.
15:15:04.650 [DEBUG] [org.gradle.cache.internal.DefaultFileLockManager] Releasing lock on daemon addresses registry.
15:15:04.650 [DEBUG] [org.gradle.launcher.daemon.server.DaemonRegistryUpdater] Storing daemon stop event: other compatible daemons were started and after being idle for 0 minutes and not recently used
15:15:04.652 [DEBUG] [org.gradle.launcher.daemon.registry.PersistentDaemonRegistry] Storing daemon stop event with timestamp 1549014304651
15:15:04.652 [DEBUG] [org.gradle.cache.internal.DefaultFileLockManager] Waiting to acquire exclusive lock on daemon addresses registry.
15:15:04.653 [DEBUG] [org.gradle.cache.internal.DefaultFileLockManager] Lock acquired on daemon addresses registry.
15:15:04.654 [DEBUG] [org.gradle.cache.internal.DefaultFileLockManager] Releasing lock on daemon addresses registry.
15:15:04.654 [LIFECYCLE] [org.gradle.launcher.daemon.server.DaemonStateCoordinator] Daemon will be stopped at the end of the build other compatible daemons were started and after being idle for 0 minutes and not recently used
15:15:04.655 [DEBUG] [org.gradle.launcher.daemon.server.DaemonStateCoordinator] Marking daemon stopped due to other compatible daemons were started and after being idle for 0 minutes and not recently used. The daemon is running a build: false
15:15:04.655 [DEBUG] [org.gradle.launcher.daemon.server.DaemonStateCoordinator] daemon has stopped.
15:15:04.655 [DEBUG] [org.gradle.launcher.daemon.server.Daemon] stop() called on daemon
15:15:04.655 [INFO] [org.gradle.launcher.daemon.server.Daemon] Stop requested. Daemon is removing its presence from the registry...
15:15:04.655 [DEBUG] [org.gradle.launcher.daemon.server.DaemonRegistryUpdater] Removing our presence to clients, eg. removing this address from the registry: [fc84c68f-ec9c-4526-b81f-98874963254e port:42271, addresses:[/0:0:0:0:0:0:0:1%lo, /127.0.0.1]]
15:15:04.655 [DEBUG] [org.gradle.launcher.daemon.registry.PersistentDaemonRegistry] Removing daemon address: [fc84c68f-ec9c-4526-b81f-98874963254e port:42271, addresses:[/0:0:0:0:0:0:0:1%lo, /127.0.0.1]]
15:15:04.656 [DEBUG] [org.gradle.cache.internal.DefaultFileLockManager] Waiting to acquire exclusive lock on daemon addresses registry.
15:15:04.656 [DEBUG] [org.gradle.cache.internal.DefaultFileLockManager] Lock acquired on daemon addresses registry.
15:15:04.657 [DEBUG] [org.gradle.cache.internal.DefaultFileLockManager] Releasing lock on daemon addresses registry.
15:15:04.657 [DEBUG] [org.gradle.launcher.daemon.server.DaemonRegistryUpdater] Address removed from registry.
15:15:04.657 [DEBUG] [org.gradle.cache.internal.LockOnDemandCrossProcessCacheAccess] Releasing file lock for jars (/home/axelor/eclipse-workspace/WebAppUsingGuice/caches/jars-3)
15:15:04.658 [DEBUG] [org.gradle.cache.internal.DefaultFileLockManager] Releasing lock on jars (/home/axelor/eclipse-workspace/WebAppUsingGuice/caches/jars-3).
15:15:04.658 [DEBUG] [org.gradle.cache.internal.DefaultCacheAccess] Cache file hash cache (/home/axelor/eclipse-workspace/WebAppUsingGuice/caches/4.3/fileHashes) was closed 2 times.
Daemon vm is shutting down... The daemon has exited normally or was terminated in response to a user interrupt.
15:15:04.659 [DEBUG] [org.gradle.launcher.daemon.registry.PersistentDaemonRegistry] Removing daemon address: [fc84c68f-ec9c-4526-b81f-98874963254e port:42271, addresses:[/0:0:0:0:0:0:0:1%lo, /127.0.0.1]]
15:15:04.660 [DEBUG] [org.gradle.cache.internal.DefaultFileLockManager] Waiting to acquire exclusive lock on daemon addresses registry.
15:15:04.660 [DEBUG] [org.gradle.cache.internal.DefaultFileLockManager] Lock acquired on daemon addresses registry.
15:15:04.661 [DEBUG] [org.gradle.cache.internal.DefaultFileLockManager] Releasing lock on daemon addresses registry.
