13:09:14.404 [DEBUG] [org.gradle.launcher.daemon.bootstrap.DaemonMain] Assuming the daemon was started with following jvm opts: [-XX:+HeapDumpOnOutOfMemoryError, -Xmx1024m, -Dfile.encoding=UTF-8, -Duser.country=IN, -Duser.language=en, -Duser.variant]
13:09:14.482 [INFO] [org.gradle.launcher.daemon.server.health.gc.GarbageCollectionMonitor] Unable to determine a garbage collection monitoring strategy for JVMStrategy{Oracle Corporation version 1.8.0_191}
13:09:14.548 [INFO] [org.gradle.launcher.daemon.server.Daemon] start() called on daemon - DefaultDaemonContext[uid=02d1e9af-2b1c-4077-8262-3d0ce47b4e75,javaHome=/usr/lib/jvm/java-1.8.0-openjdk-1.8.0.191.b12-11.fc29.x86_64/jre,daemonRegistryDir=/home/axelor/eclipse-workspace/WebAppUsingGuice/daemon,pid=6190,idleTimeout=10800000,daemonOpts=-XX:+HeapDumpOnOutOfMemoryError,-Xmx1024m,-Dfile.encoding=UTF-8,-Duser.country=IN,-Duser.language=en,-Duser.variant]
13:09:14.610 [DEBUG] [org.gradle.internal.remote.internal.inet.InetAddresses] Adding IP addresses for network interface wlp0s26u1u4
13:09:14.616 [DEBUG] [org.gradle.internal.remote.internal.inet.InetAddresses] Is this a loopback interface? false
13:09:14.616 [DEBUG] [org.gradle.internal.remote.internal.inet.InetAddresses] Is this a multicast interface? true
13:09:14.617 [DEBUG] [org.gradle.internal.remote.internal.inet.InetAddresses] Adding remote address /fe80:0:0:0:7609:917:20c4:cfc1%wlp0s26u1u4
13:09:14.618 [DEBUG] [org.gradle.internal.remote.internal.inet.InetAddresses] Adding remote address /192.168.1.97
13:09:14.618 [DEBUG] [org.gradle.internal.remote.internal.inet.InetAddresses] Adding remote multicast interface wlp0s26u1u4
13:09:14.618 [DEBUG] [org.gradle.internal.remote.internal.inet.InetAddresses] Adding IP addresses for network interface lo
13:09:14.618 [DEBUG] [org.gradle.internal.remote.internal.inet.InetAddresses] Is this a loopback interface? true
13:09:14.619 [DEBUG] [org.gradle.internal.remote.internal.inet.InetAddresses] Is this a multicast interface? false
13:09:14.619 [DEBUG] [org.gradle.internal.remote.internal.inet.InetAddresses] Adding loopback address /0:0:0:0:0:0:0:1%lo
13:09:14.619 [DEBUG] [org.gradle.internal.remote.internal.inet.InetAddresses] Adding loopback address /127.0.0.1
13:09:14.624 [DEBUG] [org.gradle.internal.remote.internal.inet.TcpIncomingConnector] Listening on [c90eacfd-e918-4736-882f-6eb3354db7b5 port:41571, addresses:[/0:0:0:0:0:0:0:1%lo, /127.0.0.1]].
13:09:14.629 [DEBUG] [org.gradle.launcher.daemon.server.Daemon] Daemon starting at: Thu Jan 24 13:09:14 IST 2019, with address: [c90eacfd-e918-4736-882f-6eb3354db7b5 port:41571, addresses:[/0:0:0:0:0:0:0:1%lo, /127.0.0.1]]
13:09:14.630 [INFO] [org.gradle.launcher.daemon.server.DaemonRegistryUpdater] Advertising the daemon address to the clients: [c90eacfd-e918-4736-882f-6eb3354db7b5 port:41571, addresses:[/0:0:0:0:0:0:0:1%lo, /127.0.0.1]]
13:09:14.630 [DEBUG] [org.gradle.launcher.daemon.server.DaemonRegistryUpdater] Advertised daemon context: DefaultDaemonContext[uid=02d1e9af-2b1c-4077-8262-3d0ce47b4e75,javaHome=/usr/lib/jvm/java-1.8.0-openjdk-1.8.0.191.b12-11.fc29.x86_64/jre,daemonRegistryDir=/home/axelor/eclipse-workspace/WebAppUsingGuice/daemon,pid=6190,idleTimeout=10800000,daemonOpts=-XX:+HeapDumpOnOutOfMemoryError,-Xmx1024m,-Dfile.encoding=UTF-8,-Duser.country=IN,-Duser.language=en,-Duser.variant]
13:09:14.631 [DEBUG] [org.gradle.launcher.daemon.registry.PersistentDaemonRegistry] Storing daemon address: [c90eacfd-e918-4736-882f-6eb3354db7b5 port:41571, addresses:[/0:0:0:0:0:0:0:1%lo, /127.0.0.1]], context: DefaultDaemonContext[uid=02d1e9af-2b1c-4077-8262-3d0ce47b4e75,javaHome=/usr/lib/jvm/java-1.8.0-openjdk-1.8.0.191.b12-11.fc29.x86_64/jre,daemonRegistryDir=/home/axelor/eclipse-workspace/WebAppUsingGuice/daemon,pid=6190,idleTimeout=10800000,daemonOpts=-XX:+HeapDumpOnOutOfMemoryError,-Xmx1024m,-Dfile.encoding=UTF-8,-Duser.country=IN,-Duser.language=en,-Duser.variant]
13:09:14.640 [DEBUG] [org.gradle.cache.internal.DefaultFileLockManager] Waiting to acquire exclusive lock on daemon addresses registry.
13:09:14.644 [DEBUG] [org.gradle.cache.internal.DefaultFileLockManager] Lock acquired on daemon addresses registry.
13:09:14.650 [DEBUG] [org.gradle.cache.internal.DefaultFileLockManager] Releasing lock on daemon addresses registry.
13:09:14.651 [LIFECYCLE] [org.gradle.launcher.daemon.server.Daemon] Daemon server started.
13:09:14.652 [DEBUG] [org.gradle.launcher.daemon.bootstrap.DaemonStartupCommunication] Completed writing the daemon greeting. Closing streams...
13:09:14.656 [DEBUG] [org.gradle.internal.remote.internal.inet.TcpIncomingConnector] Accepted connection from /0:0:0:0:0:0:0:1:36734 to /0:0:0:0:0:0:0:1:41571.
13:09:14.665 [DEBUG] [org.gradle.launcher.daemon.server.Daemon] stopOnExpiration() called on daemon
13:09:14.668 [DEBUG] [org.gradle.launcher.daemon.server.Daemon] awaitExpiration() called on daemon
13:09:14.668 [DEBUG] [org.gradle.launcher.daemon.server.DaemonStateCoordinator] daemon is running. Sleeping until state changes.
13:09:14.753 [DEBUG] [org.gradle.launcher.daemon.server.SynchronizedDispatchConnection] thread 14: received class org.gradle.launcher.daemon.protocol.Build
13:09:14.753 [DEBUG] [org.gradle.launcher.daemon.server.DefaultDaemonConnection] thread 14: Received non-IO message from client: Build{id=03274a01-1dd8-4887-8cb1-c5c65bdb81b9.1, currentDir=/home/axelor}
13:09:14.754 [INFO] [org.gradle.launcher.daemon.server.DefaultIncomingConnectionHandler] Received command: Build{id=03274a01-1dd8-4887-8cb1-c5c65bdb81b9.1, currentDir=/home/axelor}.
13:09:14.754 [DEBUG] [org.gradle.launcher.daemon.server.DefaultIncomingConnectionHandler] Starting executing command: Build{id=03274a01-1dd8-4887-8cb1-c5c65bdb81b9.1, currentDir=/home/axelor} with connection: socket connection from /0:0:0:0:0:0:0:1:41571 to /0:0:0:0:0:0:0:1:36734.
13:09:14.757 [ERROR] [org.gradle.launcher.daemon.server.DaemonStateCoordinator] Command execution: started DaemonCommandExecution[command = Build{id=03274a01-1dd8-4887-8cb1-c5c65bdb81b9.1, currentDir=/home/axelor}, connection = DefaultDaemonConnection: socket connection from /0:0:0:0:0:0:0:1:41571 to /0:0:0:0:0:0:0:1:36734] after 0.0 minutes of idle
13:09:14.758 [INFO] [org.gradle.launcher.daemon.server.DaemonRegistryUpdater] Marking the daemon as busy, address: [c90eacfd-e918-4736-882f-6eb3354db7b5 port:41571, addresses:[/0:0:0:0:0:0:0:1%lo, /127.0.0.1]]
13:09:14.758 [DEBUG] [org.gradle.launcher.daemon.registry.PersistentDaemonRegistry] Marking busy by address: [c90eacfd-e918-4736-882f-6eb3354db7b5 port:41571, addresses:[/0:0:0:0:0:0:0:1%lo, /127.0.0.1]]
13:09:14.759 [DEBUG] [org.gradle.cache.internal.DefaultFileLockManager] Waiting to acquire exclusive lock on daemon addresses registry.
13:09:14.760 [DEBUG] [org.gradle.cache.internal.DefaultFileLockManager] Lock acquired on daemon addresses registry.
13:09:14.761 [DEBUG] [org.gradle.cache.internal.DefaultFileLockManager] Releasing lock on daemon addresses registry.
13:09:14.761 [DEBUG] [org.gradle.launcher.daemon.server.DaemonStateCoordinator] resetting idle timer
13:09:14.763 [DEBUG] [org.gradle.launcher.daemon.server.DaemonStateCoordinator] daemon is running. Sleeping until state changes.
13:09:14.767 [INFO] [org.gradle.launcher.daemon.server.exec.StartBuildOrRespondWithBusy] Daemon is about to start building Build{id=03274a01-1dd8-4887-8cb1-c5c65bdb81b9.1, currentDir=/home/axelor}. Dispatching build started information...
13:09:14.768 [DEBUG] [org.gradle.launcher.daemon.server.SynchronizedDispatchConnection] thread 16: dispatching class org.gradle.launcher.daemon.protocol.BuildStarted
13:09:14.774 [DEBUG] [org.gradle.launcher.daemon.server.exec.EstablishBuildEnvironment] Configuring env variables: {PATH=/home/axelor/bin:/home/axelor/.local/bin:/usr/share/Modules/bin:/usr/local/bin:/usr/local/sbin:/usr/bin:/usr/sbin, XAUTHORITY=/run/user/1000/gdm/Xauthority, HISTCONTROL=ignoredups, XMODIFIERS=@im=ibus, GDMSESSION=gnome-xorg, XDG_DATA_DIRS=/home/axelor/.local/share/flatpak/exports/share/:/var/lib/flatpak/exports/share/:/usr/local/share/:/usr/share/, MODULEPATH=/etc/scl/modulefiles:/usr/share/Modules/modulefiles:/etc/modulefiles:/usr/share/modulefiles, DBUS_SESSION_BUS_ADDRESS=unix:path=/run/user/1000/bus, XDG_CURRENT_DESKTOP=GNOME, MAIL=/var/spool/mail/axelor, SSH_AGENT_PID=1576, SESSION_MANAGER=local/unix:@/tmp/.ICE-unix/1548,unix/unix:/tmp/.ICE-unix/1548, USERNAME=axelor, LOGNAME=axelor, PWD=/home/axelor, GJS_DEBUG_TOPICS=JS ERROR;JS LOG, LESSOPEN=||/usr/bin/lesspipe.sh %s, SHELL=/bin/bash, BASH_ENV=/usr/share/Modules/init/bash, GIO_LAUNCHED_DESKTOP_FILE=/home/axelor/.local/share/applications/eclipse.desktop, BASH_FUNC_scl%%=() {  if [ "$1" = "load" -o "$1" = "unload" ]; then
 eval "module $@";
 else
 /usr/bin/scl "$@";
 fi
}, GDK_SCALE=1, MODULEPATH_modshare=/usr/share/modulefiles:1:/usr/share/Modules/modulefiles:1:/etc/modulefiles:1, XDG_SESSION_DESKTOP=gnome-xorg, SHLVL=2, OXYGEN_DISABLE_INNER_SHADOWS_HACK=1, LOADEDMODULES=, QT_IM_MODULE=ibus, HISTSIZE=1000, ENV=/usr/share/Modules/init/profile.sh, LANG=en_IN.UTF-8, XDG_SESSION_TYPE=x11, XDG_SESSION_ID=2, MODULES_RUN_QUARANTINE=LD_LIBRARY_PATH, BASH_FUNC_switchml%%=() {  typeset swfound=1;
 if [ "${MODULES_USE_COMPAT_VERSION:-0}" = '1' ]; then
 typeset swname='main';
 if [ -e /usr/share/Modules/libexec/modulecmd.tcl ]; then
 typeset swfound=0;
 unset MODULES_USE_COMPAT_VERSION;
 fi;
 else
 typeset swname='compatibility';
 if [ -e /usr/share/Modules/libexec/modulecmd-compat ]; then
 typeset swfound=0;
 MODULES_USE_COMPAT_VERSION=1;
 export MODULES_USE_COMPAT_VERSION;
 fi;
 fi;
 if [ $swfound -eq 0 ]; then
 echo "Switching to Modules $swname version";
 source /usr/share/Modules/init/bash;
 else
 echo "Cannot switch to Modules $swname version, command not found";
 return 1;
 fi
}, DISPLAY=:0, BASH_FUNC_module%%=() {  unset _mlshdbg;
 if [ "${MODULES_SILENT_SHELL_DEBUG:-0}" = '1' ]; then
 case "$-" in 
 *v*x*)
 set +vx;
 _mlshdbg='vx'
 ;;
 *v*)
 set +v;
 _mlshdbg='v'
 ;;
 *x*)
 set +x;
 _mlshdbg='x'
 ;;
 *)
 _mlshdbg=''
 ;;
 esac;
 fi;
 unset _mlre _mlIFS;
 if [ -n "${IFS+x}" ]; then
 _mlIFS=$IFS;
 fi;
 IFS=' ';
 for _mlv in ${MODULES_RUN_QUARANTINE:-};
 do
 if [ "${_mlv}" = "${_mlv##*[!A-Za-z0-9_]}" -a "${_mlv}" = "${_mlv#[0-9]}" ]; then
 if [ -n "`eval 'echo ${'$_mlv'+x}'`" ]; then
 _mlre="${_mlre:-}${_mlv}_modquar='`eval 'echo ${'$_mlv'}'`' ";
 fi;
 _mlrv="MODULES_RUNENV_${_mlv}";
 _mlre="${_mlre:-}${_mlv}='`eval 'echo ${'$_mlrv':-}'`' ";
 fi;
 done;
 if [ -n "${_mlre:-}" ]; then
 eval `eval ${_mlre}/usr/bin/tclsh /usr/share/Modules/libexec/modulecmd.tcl bash '"$@"'`;
 else
 eval `/usr/bin/tclsh /usr/share/Modules/libexec/modulecmd.tcl bash "$@"`;
 fi;
 _mlstatus=$?;
 if [ -n "${_mlIFS+x}" ]; then
 IFS=$_mlIFS;
 else
 unset IFS;
 fi;
 unset _mlre _mlv _mlrv _mlIFS;
 if [ -n "${_mlshdbg:-}" ]; then
 set -$_mlshdbg;
 fi;
 unset _mlshdbg;
 return $_mlstatus
}, _=/home/axelor/opt/eclipse/eclipse, GDM_LANG=en_IN.UTF-8, LIBOVERLAY_SCROLLBAR=0, GDK_CORE_DEVICE_EVENTS=1, DESKTOP_SESSION=gnome-xorg, USER=axelor, XDG_MENU_PREFIX=gnome-, GIO_LAUNCHED_DESKTOP_FILE_PID=3896, WINDOWPATH=2, GJS_DEBUG_OUTPUT=stderr, XDG_SEAT=seat0, SSH_AUTH_SOCK=/run/user/1000/keyring/ssh, GTK_OVERLAY_SCROLLING=0, HOSTNAME=localhost.localdomain, MODULESHOME=/usr/share/Modules, MODULES_CMD=/usr/share/Modules/libexec/modulecmd.tcl, XDG_RUNTIME_DIR=/run/user/1000, XDG_VTNR=2, HOME=/home/axelor}
13:09:14.786 [DEBUG] [org.gradle.launcher.daemon.server.exec.LogToClient] About to start relaying all logs to the client via the connection.
13:09:14.787 [INFO] [org.gradle.launcher.daemon.server.exec.LogToClient] The client will now receive all logging from the daemon (pid: 6190). The daemon log file: /home/axelor/eclipse-workspace/WebAppUsingGuice/daemon/4.3/daemon-6190.out.log
13:09:14.792 [INFO] [org.gradle.launcher.daemon.server.exec.LogAndCheckHealth] Starting build in new daemon [memory: 954.7 MB]
13:09:14.798 [DEBUG] [org.gradle.launcher.daemon.server.exec.ExecuteBuild] The daemon has started executing the build.
13:09:14.800 [DEBUG] [org.gradle.launcher.daemon.server.exec.ExecuteBuild] Executing build with daemon context: DefaultDaemonContext[uid=02d1e9af-2b1c-4077-8262-3d0ce47b4e75,javaHome=/usr/lib/jvm/java-1.8.0-openjdk-1.8.0.191.b12-11.fc29.x86_64/jre,daemonRegistryDir=/home/axelor/eclipse-workspace/WebAppUsingGuice/daemon,pid=6190,idleTimeout=10800000,daemonOpts=-XX:+HeapDumpOnOutOfMemoryError,-Xmx1024m,-Dfile.encoding=UTF-8,-Duser.country=IN,-Duser.language=en,-Duser.variant]

CONFIGURE SUCCESSFUL in 5s
13:09:18.834 [DEBUG] [org.gradle.launcher.daemon.server.exec.ExecuteBuild] The daemon has finished executing the build.
13:09:18.845 [DEBUG] [org.gradle.launcher.daemon.server.DaemonStateCoordinator] daemon is running. Sleeping until state changes.
13:09:18.845 [DEBUG] [org.gradle.launcher.daemon.server.DaemonStateCoordinator] Command execution: finished waiting for DaemonCommandExecution[command = Build{id=03274a01-1dd8-4887-8cb1-c5c65bdb81b9.1, currentDir=/home/axelor}, connection = DefaultDaemonConnection: socket connection from /0:0:0:0:0:0:0:1:41571 to /0:0:0:0:0:0:0:1:36734]. Result org.gradle.launcher.daemon.server.DaemonStateCoordinator@15400859 with state Busy
13:09:18.845 [DEBUG] [org.gradle.launcher.daemon.server.DaemonStateCoordinator] Command execution: completed DaemonCommandExecution[command = Build{id=03274a01-1dd8-4887-8cb1-c5c65bdb81b9.1, currentDir=/home/axelor}, connection = DefaultDaemonConnection: socket connection from /0:0:0:0:0:0:0:1:41571 to /0:0:0:0:0:0:0:1:36734]
13:09:18.845 [DEBUG] [org.gradle.launcher.daemon.server.DaemonStateCoordinator] resetting idle timer
13:09:18.846 [INFO] [org.gradle.launcher.daemon.server.DaemonRegistryUpdater] Marking the daemon as idle, address: [c90eacfd-e918-4736-882f-6eb3354db7b5 port:41571, addresses:[/0:0:0:0:0:0:0:1%lo, /127.0.0.1]]
13:09:18.846 [DEBUG] [org.gradle.launcher.daemon.registry.PersistentDaemonRegistry] Marking busy by address: [c90eacfd-e918-4736-882f-6eb3354db7b5 port:41571, addresses:[/0:0:0:0:0:0:0:1%lo, /127.0.0.1]]
13:09:18.846 [DEBUG] [org.gradle.cache.internal.DefaultFileLockManager] Waiting to acquire exclusive lock on daemon addresses registry.
13:09:18.846 [DEBUG] [org.gradle.cache.internal.DefaultFileLockManager] Lock acquired on daemon addresses registry.
13:09:18.847 [DEBUG] [org.gradle.cache.internal.DefaultFileLockManager] Releasing lock on daemon addresses registry.
13:09:18.847 [DEBUG] [org.gradle.launcher.daemon.server.DaemonStateCoordinator] daemon is running. Sleeping until state changes.
13:09:18.848 [DEBUG] [org.gradle.launcher.daemon.server.exec.ReturnResult] Daemon is dispatching the build result: Success[value=org.gradle.tooling.internal.provider.BuildActionResult@5e6fa695]
13:09:18.848 [DEBUG] [org.gradle.launcher.daemon.server.SynchronizedDispatchConnection] thread 13: dispatching class org.gradle.launcher.daemon.protocol.Success
13:09:18.862 [DEBUG] [org.gradle.launcher.daemon.server.DefaultIncomingConnectionHandler] Finishing executing command: Build{id=03274a01-1dd8-4887-8cb1-c5c65bdb81b9.1, currentDir=/home/axelor}
13:09:18.863 [DEBUG] [org.gradle.launcher.daemon.server.SynchronizedDispatchConnection] thread 14: received class org.gradle.launcher.daemon.protocol.CloseInput
13:09:18.863 [DEBUG] [org.gradle.launcher.daemon.server.DefaultDaemonConnection] thread 14: Received IO message from client: org.gradle.launcher.daemon.protocol.CloseInput@5cffa0ec
13:09:18.864 [DEBUG] [org.gradle.launcher.daemon.server.SynchronizedDispatchConnection] thread 14: received class org.gradle.launcher.daemon.protocol.Finished
13:09:18.865 [DEBUG] [org.gradle.launcher.daemon.server.DefaultDaemonConnection] thread 14: Received non-IO message from client: org.gradle.launcher.daemon.protocol.Finished@e2bfb38
13:09:18.865 [DEBUG] [org.gradle.internal.remote.internal.inet.SocketConnection] Discarding EOFException: java.io.EOFException
13:09:18.866 [DEBUG] [org.gradle.launcher.daemon.server.SynchronizedDispatchConnection] thread 14: received null
13:09:18.866 [DEBUG] [org.gradle.launcher.daemon.server.DefaultDaemonConnection] thread 14: Received end-of-input from client.
13:09:18.878 [DEBUG] [org.gradle.launcher.daemon.server.DefaultIncomingConnectionHandler] Received finished message: null
13:09:18.878 [DEBUG] [org.gradle.launcher.daemon.server.SynchronizedDispatchConnection] thread 13: stopping connection
13:09:18.888 [DEBUG] [org.gradle.launcher.daemon.server.SynchronizedDispatchConnection] thread 13: stopping connection
13:09:22.022 [DEBUG] [org.gradle.process.internal.health.memory.MemoryManager] Emitting OS memory status event {Total: 8187150336, Free: 3771670528}
13:09:22.022 [DEBUG] [org.gradle.launcher.daemon.server.health.LowMemoryDaemonExpirationStrategy] Received memory status update: {Total: 8187150336, Free: 3771670528}
13:09:22.023 [DEBUG] [org.gradle.process.internal.health.memory.MemoryManager] Emitting JVM memory status event {Maximum: 954728448, Committed: 304611328}
13:09:24.667 [DEBUG] [org.gradle.launcher.daemon.server.Daemon] DaemonExpirationPeriodicCheck running
13:09:24.669 [DEBUG] [org.gradle.cache.internal.DefaultFileLockManager] Waiting to acquire shared lock on daemon addresses registry.
13:09:24.669 [DEBUG] [org.gradle.cache.internal.DefaultFileLockManager] Lock acquired on daemon addresses registry.
13:09:24.670 [DEBUG] [org.gradle.cache.internal.DefaultFileLockManager] Releasing lock on daemon addresses registry.
13:09:24.670 [DEBUG] [org.gradle.cache.internal.DefaultFileLockManager] Waiting to acquire shared lock on daemon addresses registry.
13:09:24.671 [DEBUG] [org.gradle.cache.internal.DefaultFileLockManager] Lock acquired on daemon addresses registry.
13:09:24.671 [DEBUG] [org.gradle.cache.internal.DefaultFileLockManager] Releasing lock on daemon addresses registry.
13:09:27.022 [DEBUG] [org.gradle.process.internal.health.memory.MemoryManager] Emitting OS memory status event {Total: 8187150336, Free: 3782955008}
13:09:27.022 [DEBUG] [org.gradle.launcher.daemon.server.health.LowMemoryDaemonExpirationStrategy] Received memory status update: {Total: 8187150336, Free: 3782955008}
13:09:27.022 [DEBUG] [org.gradle.process.internal.health.memory.MemoryManager] Emitting JVM memory status event {Maximum: 954728448, Committed: 304611328}
13:09:32.021 [DEBUG] [org.gradle.process.internal.health.memory.MemoryManager] Emitting OS memory status event {Total: 8187150336, Free: 3783032832}
13:09:32.021 [DEBUG] [org.gradle.launcher.daemon.server.health.LowMemoryDaemonExpirationStrategy] Received memory status update: {Total: 8187150336, Free: 3783032832}
13:09:32.021 [DEBUG] [org.gradle.process.internal.health.memory.MemoryManager] Emitting JVM memory status event {Maximum: 954728448, Committed: 304611328}
13:09:34.666 [DEBUG] [org.gradle.launcher.daemon.server.Daemon] DaemonExpirationPeriodicCheck running
13:09:34.666 [DEBUG] [org.gradle.cache.internal.DefaultFileLockManager] Waiting to acquire shared lock on daemon addresses registry.
13:09:34.667 [DEBUG] [org.gradle.cache.internal.DefaultFileLockManager] Lock acquired on daemon addresses registry.
13:09:34.667 [DEBUG] [org.gradle.cache.internal.DefaultFileLockManager] Releasing lock on daemon addresses registry.
13:09:34.667 [DEBUG] [org.gradle.cache.internal.DefaultFileLockManager] Waiting to acquire shared lock on daemon addresses registry.
13:09:34.668 [DEBUG] [org.gradle.cache.internal.DefaultFileLockManager] Lock acquired on daemon addresses registry.
13:09:34.668 [DEBUG] [org.gradle.cache.internal.DefaultFileLockManager] Releasing lock on daemon addresses registry.
13:09:34.669 [DEBUG] [org.gradle.cache.internal.DefaultFileLockManager] Waiting to acquire shared lock on daemon addresses registry.
13:09:34.669 [DEBUG] [org.gradle.cache.internal.DefaultFileLockManager] Lock acquired on daemon addresses registry.
13:09:34.669 [DEBUG] [org.gradle.cache.internal.DefaultFileLockManager] Releasing lock on daemon addresses registry.
13:09:34.670 [DEBUG] [org.gradle.cache.internal.DefaultFileLockManager] Waiting to acquire shared lock on daemon addresses registry.
13:09:34.670 [DEBUG] [org.gradle.cache.internal.DefaultFileLockManager] Lock acquired on daemon addresses registry.
13:09:34.670 [DEBUG] [org.gradle.cache.internal.DefaultFileLockManager] Releasing lock on daemon addresses registry.
13:09:34.671 [DEBUG] [org.gradle.launcher.daemon.server.DaemonRegistryUpdater] Storing daemon stop event: other compatible daemons were started and after being idle for 0 minutes and not recently used
13:09:34.672 [DEBUG] [org.gradle.launcher.daemon.registry.PersistentDaemonRegistry] Storing daemon stop event with timestamp 1548315574672
13:09:34.673 [DEBUG] [org.gradle.cache.internal.DefaultFileLockManager] Waiting to acquire exclusive lock on daemon addresses registry.
13:09:34.674 [DEBUG] [org.gradle.cache.internal.DefaultFileLockManager] Lock acquired on daemon addresses registry.
13:09:34.675 [DEBUG] [org.gradle.cache.internal.DefaultFileLockManager] Releasing lock on daemon addresses registry.
13:09:34.675 [LIFECYCLE] [org.gradle.launcher.daemon.server.DaemonStateCoordinator] Daemon will be stopped at the end of the build other compatible daemons were started and after being idle for 0 minutes and not recently used
13:09:34.675 [DEBUG] [org.gradle.launcher.daemon.server.DaemonStateCoordinator] Marking daemon stopped due to other compatible daemons were started and after being idle for 0 minutes and not recently used. The daemon is running a build: false
13:09:34.675 [DEBUG] [org.gradle.launcher.daemon.server.DaemonStateCoordinator] daemon has stopped.
13:09:34.675 [DEBUG] [org.gradle.launcher.daemon.server.Daemon] stop() called on daemon
13:09:34.675 [INFO] [org.gradle.launcher.daemon.server.Daemon] Stop requested. Daemon is removing its presence from the registry...
13:09:34.675 [DEBUG] [org.gradle.launcher.daemon.server.DaemonRegistryUpdater] Removing our presence to clients, eg. removing this address from the registry: [c90eacfd-e918-4736-882f-6eb3354db7b5 port:41571, addresses:[/0:0:0:0:0:0:0:1%lo, /127.0.0.1]]
13:09:34.676 [DEBUG] [org.gradle.launcher.daemon.registry.PersistentDaemonRegistry] Removing daemon address: [c90eacfd-e918-4736-882f-6eb3354db7b5 port:41571, addresses:[/0:0:0:0:0:0:0:1%lo, /127.0.0.1]]
13:09:34.676 [DEBUG] [org.gradle.cache.internal.DefaultFileLockManager] Waiting to acquire exclusive lock on daemon addresses registry.
13:09:34.676 [DEBUG] [org.gradle.cache.internal.DefaultFileLockManager] Lock acquired on daemon addresses registry.
13:09:34.677 [DEBUG] [org.gradle.cache.internal.DefaultFileLockManager] Releasing lock on daemon addresses registry.
13:09:34.677 [DEBUG] [org.gradle.launcher.daemon.server.DaemonRegistryUpdater] Address removed from registry.
13:09:34.678 [DEBUG] [org.gradle.cache.internal.LockOnDemandCrossProcessCacheAccess] Releasing file lock for jars (/home/axelor/eclipse-workspace/WebAppUsingGuice/caches/jars-3)
13:09:34.678 [DEBUG] [org.gradle.cache.internal.DefaultFileLockManager] Releasing lock on jars (/home/axelor/eclipse-workspace/WebAppUsingGuice/caches/jars-3).
13:09:34.679 [DEBUG] [org.gradle.cache.internal.LockOnDemandCrossProcessCacheAccess] Releasing file lock for file hash cache (/home/axelor/eclipse-workspace/WebAppUsingGuice/caches/4.3/fileHashes)
13:09:34.679 [DEBUG] [org.gradle.cache.internal.btree.BTreePersistentIndexedCache] Closing cache fileHashes.bin (/home/axelor/eclipse-workspace/WebAppUsingGuice/caches/4.3/fileHashes/fileHashes.bin)
13:09:34.679 [DEBUG] [org.gradle.cache.internal.DefaultFileLockManager] Releasing lock on file hash cache (/home/axelor/eclipse-workspace/WebAppUsingGuice/caches/4.3/fileHashes).
13:09:34.679 [DEBUG] [org.gradle.cache.internal.DefaultCacheAccess] Cache file hash cache (/home/axelor/eclipse-workspace/WebAppUsingGuice/caches/4.3/fileHashes) was closed 3 times.
Daemon vm is shutting down... The daemon has exited normally or was terminated in response to a user interrupt.
13:09:34.680 [DEBUG] [org.gradle.launcher.daemon.registry.PersistentDaemonRegistry] Removing daemon address: [c90eacfd-e918-4736-882f-6eb3354db7b5 port:41571, addresses:[/0:0:0:0:0:0:0:1%lo, /127.0.0.1]]
13:09:34.680 [DEBUG] [org.gradle.cache.internal.DefaultFileLockManager] Waiting to acquire exclusive lock on daemon addresses registry.
13:09:34.681 [DEBUG] [org.gradle.cache.internal.DefaultFileLockManager] Lock acquired on daemon addresses registry.
13:09:34.681 [DEBUG] [org.gradle.cache.internal.DefaultFileLockManager] Releasing lock on daemon addresses registry.
